2024-05-19T19:14:19+00:00 Uncaught TypeError: Cannot access offset of type string on string in /var/www/html/wp-content/plugins/insert-headers-and-footers/includes/class-wpcode-snippet-execute.php(292) : eval()'d code:6
Stack trace:
#0 /var/www/html/wp-includes/class-wp-hook.php(324): add_custom_field_to_form('{"appointment_s...', 0, 0, 0, 0)
#1 /var/www/html/wp-includes/plugin.php(205): WP_Hook->apply_filters('{"appointment_s...', Array)
#2 /var/www/html/wp-content/plugins/bookingpress-appointment-booking/core/classes/frontend/class.bookingpress_appointment_bookings.php(4409): apply_filters('bookingpress_fr...', '', 0, 0, 0, 0)
#3 /var/www/html/wp-includes/shortcodes.php(433): bookingpress_appointment_bookings->bookingpress_front_booking_form(Array, '\r\n<el-main clas...', 'bookingpress_fo...')
#4 [internal function]: do_shortcode_tag(Array)
#5 /var/www/html/wp-includes/shortcodes.php(273): preg_replace_callback('/\\[(\\[?)(bookin...', 'do_shortcode_ta...', '<div class="wp-...')
#6 /var/www/html/wp-includes/class-wp-hook.php(324): do_shortcode('<div class="wp-...')
#7 /var/www/html/wp-includes/plugin.php(205): WP_Hook->apply_filters('<div class="wp-...', Array)
#8 /var/www/html/wp-includes/post-template.php(256): apply_filters('the_content', '<div class="wp-...')
#9 /var/www/html/wp-content/themes/relativity/template-parts/content-page.php(22): the_content()
#10 /var/www/html/wp-includes/template.php(812): require('/var/www/html/w...')
#11 /var/www/html/wp-includes/template.php(745): load_template('/var/www/html/w...', false, Array)
#12 /var/www/html/wp-includes/general-template.php(206): locate_template(Array, true, false, Array)
#13 /var/www/html/wp-content/themes/relativity/page.php(20): get_template_part('template-parts/...', 'page')
#14 /var/www/html/wp-includes/template-loader.php(106): include('/var/www/html/w...')
#15 /var/www/html/wp-blog-header.php(19): require_once('/var/www/html/w...')
#16 /var/www/html/index.php(17): require('/var/www/html/w...')
#17 {main}
  thrown
